<?xml version="1.0" encoding="UTF-8"?>
<!-- Generated by org.testng.reporters.JUnitReportReporter -->
<testsuite hostname="LAPTOP-38MEE7AV" failures="0" tests="1" name="testCases.TC001_LoginTest" time="7.094" errors="0" timestamp="2024-10-27T11:44:44 IST" skipped="0">
  <testcase classname="testCases.TC001_LoginTest" name="verify_Login" time="7.094"/>
  <system-out/>
</testsuite> <!-- testCases.TC001_LoginTest -->
